INFO:Created Employee: Abhi Nair - Abhi.Nair@email.com
INFO:Created Employee: Test User - Test.User@email.com
INFO:Created Employee: Abhi Nair - Abhi.Nair@email.com
INFO:Created Employee: Test User - Test.User@email.com
INFO:Created Employee: Abhi Nair - Abhi.Nair@email.com
INFO:Created Employee: Test User - Test.User@email.com
INFO:Created Employee: Abhi Nair - Abhi.Nair@email.com
INFO:Created Employee: Test User - Test.User@email.com
INFO:Add: 20 + 5 = 25
INFO:Add: 20 - 5 = 15
INFO:Add: 20 * 5 = 100
INFO:Add: 20 / 5 = 4.0
INFO:Created Employee: Abhi Nair - Abhi.Nair@email.com
INFO:Created Employee: Test User - Test.User@email.com
INFO:Add: 20 + 5 = 25
INFO:Add: 20 - 5 = 15
INFO:Add: 20 * 5 = 100
INFO:Add: 20 / 5 = 4.0
INFO:oop.employee:Created Employee: Abhi Nair - Abhi.Nair@email.com
INFO:oop.employee:Created Employee: Test User - Test.User@email.com
INFO:root:Add: 20 + 5 = 25
INFO:root:Add: 20 - 5 = 15
INFO:root:Add: 20 * 5 = 100
INFO:root:Add: 20 / 5 = 4.0
INFO:oop.employee:Created Employee: Abhi Nair - Abhi.Nair@email.com
INFO:oop.employee:Created Employee: Test User - Test.User@email.com
INFO:oop.employee:Created Employee: Abhi Nair - Abhi.Nair@email.com
INFO:oop.employee:Created Employee: Test User - Test.User@email.com
INFO:oop.employee:Created Employee: Abhi Nair - Abhi.Nair@email.com
INFO:oop.employee:Created Employee: Test User - Test.User@email.com
INFO:oop.employee:Created Employee: Abhi Nair - Abhi.Nair@email.com
INFO:oop.employee:Created Employee: Test User - Test.User@email.com
INFO:oop.employee:Created Employee: Abhi Nair - Abhi.Nair@email.com
INFO:oop.employee:Created Employee: Test User - Test.User@email.com
INFO:oop.employee:Created Employee: Abhi Nair - Abhi.Nair@email.com
INFO:oop.employee:Created Employee: Test User - Test.User@email.com
INFO:oop.employee:Created Employee: Abhi Nair - Abhi.Nair@email.com
INFO:oop.employee:Created Employee: Test User - Test.User@email.com
INFO:oop.employee:Created Employee: Abhi Nair - Abhi.Nair@email.com
INFO:oop.employee:Created Employee: Test User - Test.User@email.com
INFO:oop.employee:Created Employee: Abhi Nair - Abhi.Nair@email.com
INFO:oop.employee:Created Employee: Test User - Test.User@email.com
INFO:oop.employee:Created Employee: Abhi Nair - Abhi.Nair@email.com
INFO:oop.employee:Created Employee: Test User - Test.User@email.com
INFO:oop.employee:Created Employee: Abhi Nair - Abhi.Nair@email.com
INFO:oop.employee:Created Employee: Test User - Test.User@email.com
INFO:oop.employee:Created Employee: Abhi Nair - Abhi.Nair@email.com
INFO:oop.employee:Created Employee: Test User - Test.User@email.com
INFO:oop.employee:Created Employee: Abhi Nair - Abhi.Nair@email.com
INFO:oop.employee:Created Employee: Test User - Test.User@email.com
INFO:oop.employee:Created Employee: Abhi Nair - Abhi.Nair@email.com
INFO:oop.employee:Created Employee: Test User - Test.User@email.com
INFO:oop.employee:Created Employee: Abhi Nair - Abhi.Nair@email.com
INFO:oop.employee:Created Employee: Test User - Test.User@email.com
INFO:oop.employee:Created Employee: Abhi Nair - Abhi.Nair@email.com
INFO:oop.employee:Created Employee: Test User - Test.User@email.com
INFO:oop.employee:Created Employee: Abhi Nair - Abhi.Nair@email.com
INFO:oop.employee:Created Employee: Test User - Test.User@email.com
INFO:oop.employee:Created Employee: Abhi Nair - Abhi.Nair@email.com
INFO:oop.employee:Created Employee: Test User - Test.User@email.com
