INFO:Created Employee: Abhi Nair - Abhi.Nair@email.com
INFO:Created Employee: Test User - Test.User@email.com
INFO:Created Employee: Abhi Nair - Abhi.Nair@email.com
INFO:Created Employee: Test User - Test.User@email.com
INFO:Created Employee: Abhi Nair - Abhi.Nair@email.com
INFO:Created Employee: Test Employee - Test.Employee@email.com
INFO:Created Employee: Abhi Nair - Abhi.Nair@email.com
INFO:Created Employee: Test User - Test.User@email.com
INFO:Created Employee: Abhi Nair - Abhi.Nair@email.com
INFO:Created Employee: Abhi Nair - Developer(Abhi,Nair,50000,Python)
INFO:Created Employee: Test Employee - Test.Employee@email.com
INFO:Created Employee: Test Employee - Developer(Test,Employee,60000,Java)
INFO:Created Employee: Abhi Nair - Abhi.Nair@email.com
INFO:Created Employee: Test User - Test.User@email.com
INFO:Created Employee: Abhi Nair - Abhi.Nair@email.com
INFO:Created Developer: Abhi Nair - Developer(Abhi,Nair,50000,Python)
INFO:Created Employee: Test Employee - Test.Employee@email.com
INFO:Created Developer: Test Employee - Developer(Test,Employee,60000,Java)
INFO:Created Employee: Abhi Nair - Abhi.Nair@email.com
INFO:Created Employee: Test User - Test.User@email.com
INFO:Created Employee: Abhi Nair - Abhi.Nair@email.com
INFO:Created Developer: Abhi Nair - Developer(Abhi,Nair,50000,Python)
INFO:Created Employee: Test Employee - Test.Employee@email.com
INFO:Created Developer: Test Employee - Developer(Test,Employee,60000,Java)
INFO:Created Employee: Abhi Nair - Abhi.Nair@email.com
INFO:Created Developer: Abhi Nair - Developer(Abhi,Nair,50000,Python)
INFO:Created Employee: Test Employee - Test.Employee@email.com
INFO:Created Developer: Test Employee - Developer(Test,Employee,60000,Java)
INFO:Created Employee: Sue Smith - Sue.Smith@email.com
INFO:Created Employee: Abhi Nair - Abhi.Nair@email.com
INFO:Created Employee: Test User - Test.User@email.com
INFO:Created Employee: Abhi Nair - Abhi.Nair@email.com
INFO:Created Developer: Abhi Nair - Developer(Abhi,Nair,50000,Python)
INFO:Created Employee: Test Employee - Test.Employee@email.com
INFO:Created Developer: Test Employee - Developer(Test,Employee,60000,Java)
INFO:Created Employee: Abhi Nair - Abhi.Nair@email.com
INFO:Created Developer: Abhi Nair - Developer(Abhi,Nair,50000,Python)
INFO:Created Employee: Test Employee - Test.Employee@email.com
INFO:Created Developer: Test Employee - Developer(Test,Employee,60000,Java)
INFO:Created Employee: Sue Smith - Sue.Smith@email.com
INFO:Created Employee: Abhi Nair - Abhi.Nair@email.com
INFO:Created Employee: Test User - Test.User@email.com
INFO:Created Employee: Abhi Nair - Abhi.Nair@email.com
INFO:Created Developer: Abhi Nair - Developer(Abhi,Nair,50000,Python)
INFO:Created Employee: Test Employee - Test.Employee@email.com
INFO:Created Developer: Test Employee - Developer(Test,Employee,60000,Java)
INFO:Created Employee: Abhi Nair - Abhi.Nair@email.com
INFO:Created Developer: Abhi Nair - Developer(Abhi,Nair,50000,Python)
INFO:Created Employee: Test Employee - Test.Employee@email.com
INFO:Created Developer: Test Employee - Developer(Test,Employee,60000,Java)
INFO:Created Employee: Sue Smith - Sue.Smith@email.com
INFO:Created Employee: Abhi Nair - Abhi.Nair@email.com
INFO:Created Employee: Test User - Test.User@email.com
INFO:Created Employee: Abhi Nair - Abhi.Nair@email.com
INFO:Created Developer: Abhi Nair - Developer(Abhi,Nair,50000,Python)
INFO:Created Employee: Test Employee - Test.Employee@email.com
INFO:Created Developer: Test Employee - Developer(Test,Employee,60000,Java)
INFO:Created Employee: Abhi Nair - Abhi.Nair@email.com
INFO:Created Developer: Abhi Nair - Developer(Abhi,Nair,50000,Python)
INFO:Created Employee: Test Employee - Test.Employee@email.com
INFO:Created Developer: Test Employee - Developer(Test,Employee,60000,Java)
INFO:Created Employee: Sue Smith - Sue.Smith@email.com
INFO:Created Employee: Abhi Nair - Abhi.Nair@email.com
INFO:Created Employee: Test User - Test.User@email.com
INFO:Created Employee: Abhi Nair - Abhi.Nair@email.com
INFO:Created Developer: Abhi Nair - Developer(Abhi,Nair,50000,Python)
INFO:Created Employee: Test Employee - Test.Employee@email.com
INFO:Created Developer: Test Employee - Developer(Test,Employee,60000,Java)
INFO:Created Employee: Abhi Nair - Abhi.Nair@email.com
INFO:Created Developer: Abhi Nair - Developer(Abhi,Nair,50000,Python)
INFO:Created Employee: Test Employee - Test.Employee@email.com
INFO:Created Developer: Test Employee - Developer(Test,Employee,60000,Java)
INFO:Created Employee: Sue Smith - Sue.Smith@email.com
INFO:Created Employee: Abhi Nair - Abhi.Nair@email.com
INFO:Created Employee: Test User - Test.User@email.com
INFO:Created Employee: Abhi Nair - Abhi.Nair@email.com
INFO:Created Developer: Abhi Nair - Developer(Abhi,Nair,50000,Python)
INFO:Created Employee: Test Employee - Test.Employee@email.com
INFO:Created Developer: Test Employee - Developer(Test,Employee,60000,Java)
INFO:Created Employee: Abhi Nair - Abhi.Nair@email.com
INFO:Created Developer: Abhi Nair - Developer(Abhi,Nair,50000,Python)
INFO:Created Employee: Test Employee - Test.Employee@email.com
INFO:Created Developer: Test Employee - Developer(Test,Employee,60000,Java)
INFO:Created Employee: Sue Smith - Sue.Smith@email.com
INFO:Created Employee: Abhi Nair - Abhi.Nair@email.com
INFO:Created Employee: Test User - Test.User@email.com
INFO:Created Employee: Abhi Nair - Abhi.Nair@email.com
INFO:Created Developer: Abhi Nair - Developer(Abhi,Nair,50000,Python)
INFO:Created Employee: Test Employee - Test.Employee@email.com
INFO:Created Developer: Test Employee - Developer(Test,Employee,60000,Java)
INFO:Created Employee: Abhi Nair - Abhi.Nair@email.com
INFO:Created Developer: Abhi Nair - Developer(Abhi,Nair,50000,Python)
INFO:Created Employee: Test Employee - Test.Employee@email.com
INFO:Created Developer: Test Employee - Developer(Test,Employee,60000,Java)
INFO:Created Employee: Sue Smith - Sue.Smith@email.com
INFO:Created Employee: Abhi Nair - Abhi.Nair@email.com
INFO:Created Employee: Test User - Test.User@email.com
INFO:Created Employee: Abhi Nair - Abhi.Nair@email.com
INFO:Created Developer: Abhi Nair - Developer(Abhi,Nair,50000,Python)
INFO:Created Employee: Test Employee - Test.Employee@email.com
INFO:Created Developer: Test Employee - Developer(Test,Employee,60000,Java)
INFO:Created Employee: Abhi Nair - Abhi.Nair@email.com
INFO:Created Developer: Abhi Nair - Developer(Abhi,Nair,50000,Python)
INFO:Created Employee: Test Employee - Test.Employee@email.com
INFO:Created Developer: Test Employee - Developer(Test,Employee,60000,Java)
INFO:Created Employee: Sue Smith - Sue.Smith@email.com
INFO:Created Employee: Abhi Nair - Abhi.Nair@email.com
INFO:Created Employee: Test User - Test.User@email.com
INFO:Created Employee: Abhi Nair - Abhi.Nair@email.com
INFO:Created Developer: Abhi Nair - Developer(Abhi,Nair,50000,Python)
INFO:Created Employee: Test Employee - Test.Employee@email.com
INFO:Created Developer: Test Employee - Developer(Test,Employee,60000,Java)
INFO:Created Employee: Abhi Nair - Abhi.Nair@email.com
INFO:Created Developer: Abhi Nair - Developer(Abhi,Nair,50000,Python)
INFO:Created Employee: Test Employee - Test.Employee@email.com
INFO:Created Developer: Test Employee - Developer(Test,Employee,60000,Java)
INFO:Created Employee: Sue Smith - Sue.Smith@email.com
INFO:Created Employee: Abhi Nair - Abhi.Nair@email.com
INFO:Created Employee: Test User - Test.User@email.com
INFO:Created Employee: Abhi Nair - Abhi.Nair@email.com
INFO:Created Developer: Abhi Nair - Developer(Abhi,Nair,50000,Python)
INFO:Created Employee: Test Employee - Test.Employee@email.com
INFO:Created Developer: Test Employee - Developer(Test,Employee,60000,Java)
INFO:Created Employee: Abhi Nair - Abhi.Nair@email.com
INFO:Created Developer: Abhi Nair - Developer(Abhi,Nair,50000,Python)
INFO:Created Employee: Test Employee - Test.Employee@email.com
INFO:Created Developer: Test Employee - Developer(Test,Employee,60000,Java)
INFO:Created Employee: Sue Smith - Sue.Smith@email.com
INFO:Created Employee: Sue Smith - Manager(Sue,Smith,90000,Employees: Abhi Nair,Test Employee,)
INFO:Created Employee: Abhi Nair - Abhi.Nair@email.com
INFO:Created Employee: Test User - Test.User@email.com
INFO:Created Employee: Abhi Nair - Abhi.Nair@email.com
INFO:Created Developer: Abhi Nair - Developer(Abhi,Nair,50000,Python)
INFO:Created Employee: Test Employee - Test.Employee@email.com
INFO:Created Developer: Test Employee - Developer(Test,Employee,60000,Java)
INFO:Created Employee: Abhi Nair - Abhi.Nair@email.com
INFO:Created Developer: Abhi Nair - Developer(Abhi,Nair,50000,Python)
INFO:Created Employee: Test Employee - Test.Employee@email.com
INFO:Created Developer: Test Employee - Developer(Test,Employee,60000,Java)
INFO:Created Employee: Sue Smith - Sue.Smith@email.com
INFO:Created Manager: Sue Smith - Manager(Sue,Smith,90000,Employees: Abhi Nair,Test Employee,)
INFO:Created Employee: Abhi Nair - Abhi.Nair@email.com
INFO:Created Employee: Test User - Test.User@email.com
INFO:Created Employee: Abhi Nair - Abhi.Nair@email.com
INFO:Created Developer: Abhi Nair - Developer(Abhi,Nair,50000,Python)
INFO:Created Employee: Test Employee - Test.Employee@email.com
INFO:Created Developer: Test Employee - Developer(Test,Employee,60000,Java)
INFO:Created Employee: Abhi Nair - Abhi.Nair@email.com
INFO:Created Developer: Abhi Nair - Developer(Abhi,Nair,50000,Python)
INFO:Created Employee: Test Employee - Test.Employee@email.com
INFO:Created Developer: Test Employee - Developer(Test,Employee,60000,Java)
INFO:Created Employee: Sue Smith - Sue.Smith@email.com
INFO:Created Manager: Sue Smith - Manager(Sue,Smith,90000,Employees: Abhi Nair,Test Employee,)
INFO:Created Employee: Abhi Nair - Abhi.Nair@email.com
INFO:Created Employee: Test User - Test.User@email.com
INFO:Created Employee: Abhi Nair - Abhi.Nair@email.com
INFO:Created Developer: Abhi Nair - Developer(Abhi,Nair,50000,Python)
INFO:Created Employee: Test Employee - Test.Employee@email.com
INFO:Created Developer: Test Employee - Developer(Test,Employee,60000,Java)
INFO:__main__:Created Employee: Abhi Nair - Abhi.Nair@email.com
INFO:__main__:Created Employee: Test User - Test.User@email.com
INFO:__main__:Created Employee: Abhi Nair - Abhi.Nair@email.com
INFO:__main__:Created Employee: Test User - Test.User@email.com
INFO:__main__:Created Employee: Abhi Nair - Abhi.Nair@email.com
INFO:__main__:Created Employee: Test User - Test.User@email.com
